# JRE version: OpenJDK Runtime Environment (14.0.1+7) (build 14.0.1+7)
# Java VM: OpenJDK 64-Bit Server VM (14.0.1+7, mixed mode, sharing, tiered, compressed oops, g1 gc, linux-amd64)
Heap:
 garbage-first heap   total 376832K, used 267293K [0x000000060ae00000, 0x0000000800000000)
  region size 2048K, 88 young (180224K), 4 survivors (8192K)
 Metaspace       used 63460K, capacity 64119K, committed 65488K, reserved 1103872K
  class space    used 11465K, capacity 11701K, committed 11732K, reserved 1048576K
GC Heap History (20 events):
Event: 2,057 GC heap before
{Heap before GC invocations=11 (full 0):
 garbage-first heap   total 81920K, used 23213K [0x000000060ae00000, 0x0000000800000000)
  region size 2048K, 6 young (12288K), 2 survivors (4096K)
 Metaspace       used 35758K, capacity 36133K, committed 36944K, reserved 1079296K
  class space    used 7084K, capacity 7210K, committed 7252K, reserved 1048576K
}
Event: 2,078 GC heap after
{Heap after GC invocations=12 (full 1):
 garbage-first heap   total 69632K, used 16368K [0x000000060ae00000, 0x0000000800000000)
  region size 2048K, 0 young (0K), 0 survivors (0K)
 Metaspace       used 35758K, capacity 36133K, committed 36944K, reserved 1079296K
  class space    used 7084K, capacity 7210K, committed 7252K, reserved 1048576K
}
Event: 2,079 GC heap before
{Heap before GC invocations=12 (full 1):
 garbage-first heap   total 69632K, used 16368K [0x000000060ae00000, 0x0000000800000000)
  region size 2048K, 1 young (2048K), 0 survivors (0K)
 Metaspace       used 35765K, capacity 36133K, committed 36944K, reserved 1079296K
  class space    used 7086K, capacity 7210K, committed 7252K, reserved 1048576K
}
Event: 2,101 GC heap after
{Heap after GC invocations=13 (full 2):
 garbage-first heap   total 69632K, used 16342K [0x000000060ae00000, 0x0000000800000000)
  region size 2048K, 0 young (0K), 0 survivors (0K)
 Metaspace       used 35765K, capacity 36133K, committed 36944K, reserved 1079296K
  class space    used 7086K, capacity 7210K, committed 7252K, reserved 1048576K
}
Event: 2,421 GC heap before
{Heap before GC invocations=13 (full 2):
 garbage-first heap   total 69632K, used 51158K [0x000000060ae00000, 0x0000000800000000)
  region size 2048K, 17 young (34816K), 0 survivors (0K)
 Metaspace       used 41506K, capacity 41862K, committed 42704K, reserved 1083392K
  class space    used 7901K, capacity 8010K, committed 8148K, reserved 1048576K
}
Event: 2,424 GC heap after
{Heap after GC invocations=14 (full 2):
 garbage-first heap   total 69632K, used 19023K [0x000000060ae00000, 0x0000000800000000)
  region size 2048K, 2 young (4096K), 2 survivors (4096K)
 Metaspace       used 41506K, capacity 41862K, committed 42704K, reserved 1083392K
  class space    used 7901K, capacity 8010K, committed 8148K, reserved 1048576K
}
Event: 2,634 GC heap before
{Heap before GC invocations=14 (full 2):
 garbage-first heap   total 69632K, used 49743K [0x000000060ae00000, 0x0000000800000000)
  region size 2048K, 17 young (34816K), 2 survivors (4096K)
 Metaspace       used 45784K, capacity 46186K, committed 47184K, reserved 1087488K
  class space    used 8564K, capacity 8747K, committed 8788K, reserved 1048576K
}
Event: 2,638 GC heap after
{Heap after GC invocations=15 (full 2):
 garbage-first heap   total 69632K, used 20263K [0x000000060ae00000, 0x0000000800000000)
  region size 2048K, 2 young (4096K), 2 survivors (4096K)
 Metaspace       used 45784K, capacity 46186K, committed 47184K, reserved 1087488K
  class space    used 8564K, capacity 8747K, committed 8788K, reserved 1048576K
}
Event: 2,681 GC heap before
{Heap before GC invocations=15 (full 2):
 garbage-first heap   total 69632K, used 48935K [0x000000060ae00000, 0x0000000800000000)
  region size 2048K, 16 young (32768K), 2 survivors (4096K)
 Metaspace       used 45847K, capacity 46319K, committed 47184K, reserved 1087488K
  class space    used 8564K, capacity 8747K, committed 8788K, reserved 1048576K
}
Event: 2,691 GC heap after
{Heap after GC invocations=16 (full 2):
 garbage-first heap   total 292864K, used 25413K [0x000000060ae00000, 0x0000000800000000)
  region size 2048K, 2 young (4096K), 2 survivors (4096K)
 Metaspace       used 45847K, capacity 46319K, committed 47184K, reserved 1087488K
  class space    used 8564K, capacity 8747K, committed 8788K, reserved 1048576K
}
Event: 3,576 GC heap before
{Heap before GC invocations=16 (full 2):
 garbage-first heap   total 292864K, used 197445K [0x000000060ae00000, 0x0000000800000000)
  region size 2048K, 85 young (174080K), 2 survivors (4096K)
 Metaspace       used 49716K, capacity 50159K, committed 51280K, reserved 1091584K
  class space    used 9312K, capacity 9515K, committed 9556K, reserved 1048576K
}
Event: 3,601 GC heap after
{Heap after GC invocations=17 (full 2):
 garbage-first heap   total 292864K, used 73686K [0x000000060ae00000, 0x0000000800000000)
  region size 2048K, 11 young (22528K), 11 survivors (22528K)
 Metaspace       used 49716K, capacity 50159K, committed 51280K, reserved 1091584K
  class space    used 9312K, capacity 9515K, committed 9556K, reserved 1048576K
}
Event: 4,717 GC heap before
{Heap before GC invocations=17 (full 2):
 garbage-first heap   total 292864K, used 161750K [0x000000060ae00000, 0x0000000800000000)
  region size 2048K, 52 young (106496K), 11 survivors (22528K)
 Metaspace       used 55881K, capacity 56423K, committed 57552K, reserved 1095680K
  class space    used 10509K, capacity 10683K, committed 10708K, reserved 1048576K
}
Event: 4,736 GC heap after
{Heap after GC invocations=18 (full 2):
 garbage-first heap   total 292864K, used 88022K [0x000000060ae00000, 0x0000000800000000)
  region size 2048K, 5 young (10240K), 5 survivors (10240K)
 Metaspace       used 55881K, capacity 56423K, committed 57552K, reserved 1095680K
  class space    used 10509K, capacity 10683K, committed 10708K, reserved 1048576K
}
Event: 5,438 GC heap before
{Heap before GC invocations=18 (full 2):
 garbage-first heap   total 292864K, used 174038K [0x000000060ae00000, 0x0000000800000000)
  region size 2048K, 47 young (96256K), 5 survivors (10240K)
 Metaspace       used 59872K, capacity 60440K, committed 61520K, reserved 1099776K
  class space    used 10859K, capacity 11056K, committed 11092K, reserved 1048576K
}
Event: 5,445 GC heap after
{Heap after GC invocations=19 (full 2):
 garbage-first heap   total 292864K, used 94628K [0x000000060ae00000, 0x0000000800000000)
  region size 2048K, 3 young (6144K), 3 survivors (6144K)
 Metaspace       used 59872K, capacity 60440K, committed 61520K, reserved 1099776K
  class space    used 10859K, capacity 11056K, committed 11092K, reserved 1048576K
}
Event: 5,501 GC heap before
{Heap before GC invocations=19 (full 2):
 garbage-first heap   total 292864K, used 106916K [0x000000060ae00000, 0x0000000800000000)
  region size 2048K, 10 young (20480K), 3 survivors (6144K)
 Metaspace       used 59920K, capacity 60440K, committed 61520K, reserved 1099776K
  class space    used 10860K, capacity 11056K, committed 11092K, reserved 1048576K
}
Event: 5,504 GC heap after
{Heap after GC invocations=20 (full 2):
 garbage-first heap   total 493568K, used 93094K [0x000000060ae00000, 0x0000000800000000)
  region size 2048K, 2 young (4096K), 2 survivors (4096K)
 Metaspace       used 59920K, capacity 60440K, committed 61520K, reserved 1099776K
  class space    used 10860K, capacity 11056K, committed 11092K, reserved 1048576K
}
Event: 6,243 GC heap before
{Heap before GC invocations=21 (full 2):
 garbage-first heap   total 376832K, used 347046K [0x000000060ae00000, 0x0000000800000000)
  region size 2048K, 126 young (258048K), 2 survivors (4096K)
 Metaspace       used 60359K, capacity 60892K, committed 62032K, reserved 1099776K
  class space    used 10861K, capacity 11056K, committed 11092K, reserved 1048576K
}
Event: 6,247 GC heap after
{Heap after GC invocations=22 (full 2):
 garbage-first heap   total 376832K, used 97309K [0x000000060ae00000, 0x0000000800000000)
  region size 2048K, 4 young (8192K), 4 survivors (8192K)
 Metaspace       used 60359K, capacity 60892K, committed 62032K, reserved 1099776K
  class space    used 10861K, capacity 11056K, committed 11092K, reserved 1048576K
}

